

Microchip MPLAB XC8 Assembler V2.20 build 20200408173844 
                                                                                               Sun Mar  7 12:41:28 2021

Microchip MPLAB XC8 C Compiler v2.20 (Free license) build 20200408173844 Og1 
     1                           	processor	16F18855
     2                           	pagewidth 120
     3                           	opt	flic
     4                           	psect	cinit,global,class=CODE,merge=1,delta=2
     5                           	psect	cstackCOMMON,global,class=COMMON,space=1,delta=1,noexec
     6                           	psect	maintext,global,class=CODE,merge=1,split=1,delta=2
     7                           	psect	config,global,abs,ovrld,class=CONFIG,space=4,delta=2,noexec
     8                           	dabs	1,0x7E,2
     9  0000                     
    10                           ; Version 2.20
    11                           ; Generated 30/04/2020 GMT
    12                           ; 
    13                           ; Copyright © 2020, Microchip Technology Inc. and its subsidiaries ("Microchip")
    14                           ; All rights reserved.
    15                           ; 
    16                           ; This software is developed by Microchip Technology Inc. and its subsidiaries ("Microch
      +                          ip").
    17                           ; 
    18                           ; Redistribution and use in source and binary forms, with or without modification, are
    19                           ; permitted provided that the following conditions are met:
    20                           ; 
    21                           ;     1. Redistributions of source code must retain the above copyright notice, this lis
      +                          t of
    22                           ;        conditions and the following disclaimer.
    23                           ; 
    24                           ;     2. Redistributions in binary form must reproduce the above copyright notice, this 
      +                          list
    25                           ;        of conditions and the following disclaimer in the documentation and/or other
    26                           ;        materials provided with the distribution.
    27                           ; 
    28                           ;     3. Microchip's name may not be used to endorse or promote products derived from th
      +                          is
    29                           ;        software without specific prior written permission.
    30                           ; 
    31                           ; THIS SOFTWARE IS PROVIDED BY MICROCHIP "AS IS" AND ANY EXPRESS OR IMPLIED WARRANTIES,
    32                           ; INCLUDING, BUT NOT LIMITED TO, THE IMPLIED WARRANTIES OF MERCHANTABILITY AND FITNESS F
      +                          OR
    33                           ; PURPOSE ARE DISCLAIMED.  IN NO EVENT SHALL MICROCHIP BE LIABLE FOR ANY DIRECT, INDIREC
      +                          T,
    34                           ; INCIDENTAL, SPECIAL, EXEMPLARY, OR CONSEQUENTIAL DAMAGES (INCLUDING BUT NOT LIMITED TO
    35                           ; PROCUREMENT OF SUBSTITUTE GOODS OR SERVICES; LOSS OF USE, DATA OR PROFITS; OR BUSINESS
    36                           ; INTERRUPTION) HOWSOEVER CAUSED AND ON ANY THEORY OF LIABILITY, WHETHER IN CONTRACT, ST
      +                          RICT
    37                           ; LIABILITY, OR TORT (INCLUDING NEGLIGENCE OR OTHERWISE) ARISING IN ANY WAY OUT OF THE U
      +                          SE OF
    38                           ; THIS SOFTWARE, EVEN IF ADVISED OF THE POSSIBILITY OF SUCH DAMAGE.
    39                           ; 
    40                           ; 
    41                           ; Code-generator required, PIC16F18855 Definitions
    42                           ; 
    43                           ; SFR Addresses
    44  0000                     	;# 
    45  0001                     	;# 
    46  0002                     	;# 
    47  0003                     	;# 
    48  0004                     	;# 
    49  0005                     	;# 
    50  0006                     	;# 
    51  0007                     	;# 
    52  0008                     	;# 
    53  0009                     	;# 
    54  000A                     	;# 
    55  000B                     	;# 
    56  000C                     	;# 
    57  000D                     	;# 
    58  000E                     	;# 
    59  0010                     	;# 
    60  0011                     	;# 
    61  0012                     	;# 
    62  0013                     	;# 
    63  0016                     	;# 
    64  0017                     	;# 
    65  0018                     	;# 
    66  001C                     	;# 
    67  001C                     	;# 
    68  001D                     	;# 
    69  001D                     	;# 
    70  001E                     	;# 
    71  001F                     	;# 
    72  008C                     	;# 
    73  008C                     	;# 
    74  008D                     	;# 
    75  008E                     	;# 
    76  008E                     	;# 
    77  008F                     	;# 
    78  0090                     	;# 
    79  0090                     	;# 
    80  0091                     	;# 
    81  0093                     	;# 
    82  0094                     	;# 
    83  0095                     	;# 
    84  0096                     	;# 
    85  0097                     	;# 
    86  0098                     	;# 
    87  0099                     	;# 
    88  009A                     	;# 
    89  009B                     	;# 
    90  009C                     	;# 
    91  009D                     	;# 
    92  009E                     	;# 
    93  010C                     	;# 
    94  010D                     	;# 
    95  010E                     	;# 
    96  010E                     	;# 
    97  010F                     	;# 
    98  0110                     	;# 
    99  0110                     	;# 
   100  0111                     	;# 
   101  0112                     	;# 
   102  0112                     	;# 
   103  0113                     	;# 
   104  0114                     	;# 
   105  0114                     	;# 
   106  0115                     	;# 
   107  0116                     	;# 
   108  0116                     	;# 
   109  0117                     	;# 
   110  0119                     	;# 
   111  0119                     	;# 
   112  0119                     	;# 
   113  011A                     	;# 
   114  011A                     	;# 
   115  011A                     	;# 
   116  011B                     	;# 
   117  011B                     	;# 
   118  011B                     	;# 
   119  011B                     	;# 
   120  011B                     	;# 
   121  011C                     	;# 
   122  011C                     	;# 
   123  011C                     	;# 
   124  011D                     	;# 
   125  011D                     	;# 
   126  011D                     	;# 
   127  011E                     	;# 
   128  011E                     	;# 
   129  011E                     	;# 
   130  011F                     	;# 
   131  011F                     	;# 
   132  011F                     	;# 
   133  011F                     	;# 
   134  011F                     	;# 
   135  018C                     	;# 
   136  018D                     	;# 
   137  018E                     	;# 
   138  018F                     	;# 
   139  0190                     	;# 
   140  0191                     	;# 
   141  0192                     	;# 
   142  0196                     	;# 
   143  0197                     	;# 
   144  0198                     	;# 
   145  0199                     	;# 
   146  019A                     	;# 
   147  019B                     	;# 
   148  019C                     	;# 
   149  020C                     	;# 
   150  020C                     	;# 
   151  020D                     	;# 
   152  020E                     	;# 
   153  020F                     	;# 
   154  020F                     	;# 
   155  0210                     	;# 
   156  0210                     	;# 
   157  0211                     	;# 
   158  0211                     	;# 
   159  0212                     	;# 
   160  0212                     	;# 
   161  0213                     	;# 
   162  0214                     	;# 
   163  0215                     	;# 
   164  0215                     	;# 
   165  0216                     	;# 
   166  0216                     	;# 
   167  0217                     	;# 
   168  0217                     	;# 
   169  0218                     	;# 
   170  0218                     	;# 
   171  0219                     	;# 
   172  021A                     	;# 
   173  021B                     	;# 
   174  021B                     	;# 
   175  021C                     	;# 
   176  021C                     	;# 
   177  021D                     	;# 
   178  021D                     	;# 
   179  021E                     	;# 
   180  021F                     	;# 
   181  028C                     	;# 
   182  028C                     	;# 
   183  028D                     	;# 
   184  028D                     	;# 
   185  028E                     	;# 
   186  028F                     	;# 
   187  0290                     	;# 
   188  0290                     	;# 
   189  0291                     	;# 
   190  0292                     	;# 
   191  0292                     	;# 
   192  0293                     	;# 
   193  0293                     	;# 
   194  0294                     	;# 
   195  0295                     	;# 
   196  0296                     	;# 
   197  0296                     	;# 
   198  0297                     	;# 
   199  0298                     	;# 
   200  0298                     	;# 
   201  0299                     	;# 
   202  0299                     	;# 
   203  029A                     	;# 
   204  029B                     	;# 
   205  029C                     	;# 
   206  029C                     	;# 
   207  029D                     	;# 
   208  030C                     	;# 
   209  030C                     	;# 
   210  030D                     	;# 
   211  030E                     	;# 
   212  030F                     	;# 
   213  0310                     	;# 
   214  0310                     	;# 
   215  0311                     	;# 
   216  0312                     	;# 
   217  0313                     	;# 
   218  0314                     	;# 
   219  0314                     	;# 
   220  0315                     	;# 
   221  0316                     	;# 
   222  0317                     	;# 
   223  0318                     	;# 
   224  0318                     	;# 
   225  0319                     	;# 
   226  031A                     	;# 
   227  031B                     	;# 
   228  031C                     	;# 
   229  031C                     	;# 
   230  031D                     	;# 
   231  031E                     	;# 
   232  031F                     	;# 
   233  038C                     	;# 
   234  038C                     	;# 
   235  038D                     	;# 
   236  038E                     	;# 
   237  0390                     	;# 
   238  0390                     	;# 
   239  0391                     	;# 
   240  0392                     	;# 
   241  040C                     	;# 
   242  040D                     	;# 
   243  040E                     	;# 
   244  040F                     	;# 
   245  0410                     	;# 
   246  0411                     	;# 
   247  0416                     	;# 
   248  0416                     	;# 
   249  0417                     	;# 
   250  0418                     	;# 
   251  0418                     	;# 
   252  0419                     	;# 
   253  041A                     	;# 
   254  041A                     	;# 
   255  041B                     	;# 
   256  041C                     	;# 
   257  041C                     	;# 
   258  041D                     	;# 
   259  041E                     	;# 
   260  041F                     	;# 
   261  048C                     	;# 
   262  048C                     	;# 
   263  048D                     	;# 
   264  048E                     	;# 
   265  048F                     	;# 
   266  048F                     	;# 
   267  0490                     	;# 
   268  0491                     	;# 
   269  0492                     	;# 
   270  0492                     	;# 
   271  0493                     	;# 
   272  0494                     	;# 
   273  0495                     	;# 
   274  0495                     	;# 
   275  0496                     	;# 
   276  0497                     	;# 
   277  0498                     	;# 
   278  0499                     	;# 
   279  049A                     	;# 
   280  049B                     	;# 
   281  049C                     	;# 
   282  049D                     	;# 
   283  050C                     	;# 
   284  050C                     	;# 
   285  050D                     	;# 
   286  050E                     	;# 
   287  050F                     	;# 
   288  050F                     	;# 
   289  0510                     	;# 
   290  0511                     	;# 
   291  0512                     	;# 
   292  0512                     	;# 
   293  0513                     	;# 
   294  0514                     	;# 
   295  0515                     	;# 
   296  0515                     	;# 
   297  0516                     	;# 
   298  0517                     	;# 
   299  0518                     	;# 
   300  0519                     	;# 
   301  051A                     	;# 
   302  051B                     	;# 
   303  051C                     	;# 
   304  051D                     	;# 
   305  058C                     	;# 
   306  058C                     	;# 
   307  058D                     	;# 
   308  058E                     	;# 
   309  058F                     	;# 
   310  058F                     	;# 
   311  0590                     	;# 
   312  0591                     	;# 
   313  0592                     	;# 
   314  0593                     	;# 
   315  060C                     	;# 
   316  060D                     	;# 
   317  060E                     	;# 
   318  060F                     	;# 
   319  0610                     	;# 
   320  0611                     	;# 
   321  0612                     	;# 
   322  0613                     	;# 
   323  0614                     	;# 
   324  0616                     	;# 
   325  0617                     	;# 
   326  0618                     	;# 
   327  0619                     	;# 
   328  061A                     	;# 
   329  061B                     	;# 
   330  061C                     	;# 
   331  061D                     	;# 
   332  061E                     	;# 
   333  068C                     	;# 
   334  068D                     	;# 
   335  068E                     	;# 
   336  068F                     	;# 
   337  0690                     	;# 
   338  0691                     	;# 
   339  0692                     	;# 
   340  0693                     	;# 
   341  0694                     	;# 
   342  070C                     	;# 
   343  070D                     	;# 
   344  070E                     	;# 
   345  070F                     	;# 
   346  0710                     	;# 
   347  0711                     	;# 
   348  0712                     	;# 
   349  0713                     	;# 
   350  0714                     	;# 
   351  0716                     	;# 
   352  0717                     	;# 
   353  0718                     	;# 
   354  0719                     	;# 
   355  071A                     	;# 
   356  071B                     	;# 
   357  071C                     	;# 
   358  071D                     	;# 
   359  071E                     	;# 
   360  0796                     	;# 
   361  0797                     	;# 
   362  0798                     	;# 
   363  0799                     	;# 
   364  079A                     	;# 
   365  079B                     	;# 
   366  080C                     	;# 
   367  080D                     	;# 
   368  080E                     	;# 
   369  080F                     	;# 
   370  0810                     	;# 
   371  0811                     	;# 
   372  0812                     	;# 
   373  0813                     	;# 
   374  0814                     	;# 
   375  081A                     	;# 
   376  081B                     	;# 
   377  081C                     	;# 
   378  081D                     	;# 
   379  081E                     	;# 
   380  081F                     	;# 
   381  088C                     	;# 
   382  088D                     	;# 
   383  088E                     	;# 
   384  088F                     	;# 
   385  0890                     	;# 
   386  0891                     	;# 
   387  0892                     	;# 
   388  0893                     	;# 
   389  0895                     	;# 
   390  0896                     	;# 
   391  0897                     	;# 
   392  0898                     	;# 
   393  0899                     	;# 
   394  089A                     	;# 
   395  089B                     	;# 
   396  090C                     	;# 
   397  090E                     	;# 
   398  090F                     	;# 
   399  091F                     	;# 
   400  091F                     	;# 
   401  098F                     	;# 
   402  098F                     	;# 
   403  0990                     	;# 
   404  0991                     	;# 
   405  0992                     	;# 
   406  0993                     	;# 
   407  0994                     	;# 
   408  0995                     	;# 
   409  0996                     	;# 
   410  0997                     	;# 
   411  0E0F                     	;# 
   412  0E10                     	;# 
   413  0E11                     	;# 
   414  0E12                     	;# 
   415  0E13                     	;# 
   416  0E14                     	;# 
   417  0E15                     	;# 
   418  0E16                     	;# 
   419  0E17                     	;# 
   420  0E18                     	;# 
   421  0E19                     	;# 
   422  0E1A                     	;# 
   423  0E1B                     	;# 
   424  0E1C                     	;# 
   425  0E1D                     	;# 
   426  0E1E                     	;# 
   427  0E1F                     	;# 
   428  0E20                     	;# 
   429  0E21                     	;# 
   430  0E22                     	;# 
   431  0E23                     	;# 
   432  0E24                     	;# 
   433  0E25                     	;# 
   434  0E26                     	;# 
   435  0E27                     	;# 
   436  0E28                     	;# 
   437  0E29                     	;# 
   438  0E2A                     	;# 
   439  0E2B                     	;# 
   440  0E2C                     	;# 
   441  0E2D                     	;# 
   442  0E2E                     	;# 
   443  0E2F                     	;# 
   444  0E30                     	;# 
   445  0E31                     	;# 
   446  0E32                     	;# 
   447  0E33                     	;# 
   448  0E34                     	;# 
   449  0E35                     	;# 
   450  0E36                     	;# 
   451  0E37                     	;# 
   452  0E8F                     	;# 
   453  0E90                     	;# 
   454  0E91                     	;# 
   455  0E92                     	;# 
   456  0E93                     	;# 
   457  0E94                     	;# 
   458  0E95                     	;# 
   459  0E96                     	;# 
   460  0E97                     	;# 
   461  0E9C                     	;# 
   462  0E9D                     	;# 
   463  0E9E                     	;# 
   464  0EA1                     	;# 
   465  0EA2                     	;# 
   466  0EA3                     	;# 
   467  0EA4                     	;# 
   468  0EA5                     	;# 
   469  0EA9                     	;# 
   470  0EAA                     	;# 
   471  0EAB                     	;# 
   472  0EAC                     	;# 
   473  0EB1                     	;# 
   474  0EB2                     	;# 
   475  0EB3                     	;# 
   476  0EB8                     	;# 
   477  0EB9                     	;# 
   478  0EBA                     	;# 
   479  0EBB                     	;# 
   480  0EBC                     	;# 
   481  0EBD                     	;# 
   482  0EBE                     	;# 
   483  0EC3                     	;# 
   484  0EC5                     	;# 
   485  0EC6                     	;# 
   486  0EC7                     	;# 
   487  0EC8                     	;# 
   488  0EC9                     	;# 
   489  0ECA                     	;# 
   490  0ECB                     	;# 
   491  0ECC                     	;# 
   492  0F10                     	;# 
   493  0F11                     	;# 
   494  0F12                     	;# 
   495  0F13                     	;# 
   496  0F14                     	;# 
   497  0F15                     	;# 
   498  0F16                     	;# 
   499  0F17                     	;# 
   500  0F18                     	;# 
   501  0F19                     	;# 
   502  0F1A                     	;# 
   503  0F1B                     	;# 
   504  0F1C                     	;# 
   505  0F1D                     	;# 
   506  0F1E                     	;# 
   507  0F1F                     	;# 
   508  0F20                     	;# 
   509  0F21                     	;# 
   510  0F22                     	;# 
   511  0F23                     	;# 
   512  0F24                     	;# 
   513  0F25                     	;# 
   514  0F26                     	;# 
   515  0F27                     	;# 
   516  0F38                     	;# 
   517  0F39                     	;# 
   518  0F3A                     	;# 
   519  0F3B                     	;# 
   520  0F3C                     	;# 
   521  0F3D                     	;# 
   522  0F3E                     	;# 
   523  0F3F                     	;# 
   524  0F40                     	;# 
   525  0F41                     	;# 
   526  0F43                     	;# 
   527  0F44                     	;# 
   528  0F45                     	;# 
   529  0F46                     	;# 
   530  0F47                     	;# 
   531  0F48                     	;# 
   532  0F49                     	;# 
   533  0F4A                     	;# 
   534  0F4B                     	;# 
   535  0F4C                     	;# 
   536  0F4E                     	;# 
   537  0F4F                     	;# 
   538  0F50                     	;# 
   539  0F51                     	;# 
   540  0F52                     	;# 
   541  0F53                     	;# 
   542  0F54                     	;# 
   543  0F55                     	;# 
   544  0F56                     	;# 
   545  0F57                     	;# 
   546  0F65                     	;# 
   547  0F68                     	;# 
   548  0F69                     	;# 
   549  0F6A                     	;# 
   550  0F6B                     	;# 
   551  0FE4                     	;# 
   552  0FE5                     	;# 
   553  0FE6                     	;# 
   554  0FE7                     	;# 
   555  0FE8                     	;# 
   556  0FE9                     	;# 
   557  0FEA                     	;# 
   558  0FEB                     	;# 
   559  0FED                     	;# 
   560  0FEE                     	;# 
   561  0FEF                     	;# 
   562  0000                     	;# 
   563  0001                     	;# 
   564  0002                     	;# 
   565  0003                     	;# 
   566  0004                     	;# 
   567  0005                     	;# 
   568  0006                     	;# 
   569  0007                     	;# 
   570  0008                     	;# 
   571  0009                     	;# 
   572  000A                     	;# 
   573  000B                     	;# 
   574  000C                     	;# 
   575  000D                     	;# 
   576  000E                     	;# 
   577  0010                     	;# 
   578  0011                     	;# 
   579  0012                     	;# 
   580  0013                     	;# 
   581  0016                     	;# 
   582  0017                     	;# 
   583  0018                     	;# 
   584  001C                     	;# 
   585  001C                     	;# 
   586  001D                     	;# 
   587  001D                     	;# 
   588  001E                     	;# 
   589  001F                     	;# 
   590  008C                     	;# 
   591  008C                     	;# 
   592  008D                     	;# 
   593  008E                     	;# 
   594  008E                     	;# 
   595  008F                     	;# 
   596  0090                     	;# 
   597  0090                     	;# 
   598  0091                     	;# 
   599  0093                     	;# 
   600  0094                     	;# 
   601  0095                     	;# 
   602  0096                     	;# 
   603  0097                     	;# 
   604  0098                     	;# 
   605  0099                     	;# 
   606  009A                     	;# 
   607  009B                     	;# 
   608  009C                     	;# 
   609  009D                     	;# 
   610  009E                     	;# 
   611  010C                     	;# 
   612  010D                     	;# 
   613  010E                     	;# 
   614  010E                     	;# 
   615  010F                     	;# 
   616  0110                     	;# 
   617  0110                     	;# 
   618  0111                     	;# 
   619  0112                     	;# 
   620  0112                     	;# 
   621  0113                     	;# 
   622  0114                     	;# 
   623  0114                     	;# 
   624  0115                     	;# 
   625  0116                     	;# 
   626  0116                     	;# 
   627  0117                     	;# 
   628  0119                     	;# 
   629  0119                     	;# 
   630  0119                     	;# 
   631  011A                     	;# 
   632  011A                     	;# 
   633  011A                     	;# 
   634  011B                     	;# 
   635  011B                     	;# 
   636  011B                     	;# 
   637  011B                     	;# 
   638  011B                     	;# 
   639  011C                     	;# 
   640  011C                     	;# 
   641  011C                     	;# 
   642  011D                     	;# 
   643  011D                     	;# 
   644  011D                     	;# 
   645  011E                     	;# 
   646  011E                     	;# 
   647  011E                     	;# 
   648  011F                     	;# 
   649  011F                     	;# 
   650  011F                     	;# 
   651  011F                     	;# 
   652  011F                     	;# 
   653  018C                     	;# 
   654  018D                     	;# 
   655  018E                     	;# 
   656  018F                     	;# 
   657  0190                     	;# 
   658  0191                     	;# 
   659  0192                     	;# 
   660  0196                     	;# 
   661  0197                     	;# 
   662  0198                     	;# 
   663  0199                     	;# 
   664  019A                     	;# 
   665  019B                     	;# 
   666  019C                     	;# 
   667  020C                     	;# 
   668  020C                     	;# 
   669  020D                     	;# 
   670  020E                     	;# 
   671  020F                     	;# 
   672  020F                     	;# 
   673  0210                     	;# 
   674  0210                     	;# 
   675  0211                     	;# 
   676  0211                     	;# 
   677  0212                     	;# 
   678  0212                     	;# 
   679  0213                     	;# 
   680  0214                     	;# 
   681  0215                     	;# 
   682  0215                     	;# 
   683  0216                     	;# 
   684  0216                     	;# 
   685  0217                     	;# 
   686  0217                     	;# 
   687  0218                     	;# 
   688  0218                     	;# 
   689  0219                     	;# 
   690  021A                     	;# 
   691  021B                     	;# 
   692  021B                     	;# 
   693  021C                     	;# 
   694  021C                     	;# 
   695  021D                     	;# 
   696  021D                     	;# 
   697  021E                     	;# 
   698  021F                     	;# 
   699  028C                     	;# 
   700  028C                     	;# 
   701  028D                     	;# 
   702  028D                     	;# 
   703  028E                     	;# 
   704  028F                     	;# 
   705  0290                     	;# 
   706  0290                     	;# 
   707  0291                     	;# 
   708  0292                     	;# 
   709  0292                     	;# 
   710  0293                     	;# 
   711  0293                     	;# 
   712  0294                     	;# 
   713  0295                     	;# 
   714  0296                     	;# 
   715  0296                     	;# 
   716  0297                     	;# 
   717  0298                     	;# 
   718  0298                     	;# 
   719  0299                     	;# 
   720  0299                     	;# 
   721  029A                     	;# 
   722  029B                     	;# 
   723  029C                     	;# 
   724  029C                     	;# 
   725  029D                     	;# 
   726  030C                     	;# 
   727  030C                     	;# 
   728  030D                     	;# 
   729  030E                     	;# 
   730  030F                     	;# 
   731  0310                     	;# 
   732  0310                     	;# 
   733  0311                     	;# 
   734  0312                     	;# 
   735  0313                     	;# 
   736  0314                     	;# 
   737  0314                     	;# 
   738  0315                     	;# 
   739  0316                     	;# 
   740  0317                     	;# 
   741  0318                     	;# 
   742  0318                     	;# 
   743  0319                     	;# 
   744  031A                     	;# 
   745  031B                     	;# 
   746  031C                     	;# 
   747  031C                     	;# 
   748  031D                     	;# 
   749  031E                     	;# 
   750  031F                     	;# 
   751  038C                     	;# 
   752  038C                     	;# 
   753  038D                     	;# 
   754  038E                     	;# 
   755  0390                     	;# 
   756  0390                     	;# 
   757  0391                     	;# 
   758  0392                     	;# 
   759  040C                     	;# 
   760  040D                     	;# 
   761  040E                     	;# 
   762  040F                     	;# 
   763  0410                     	;# 
   764  0411                     	;# 
   765  0416                     	;# 
   766  0416                     	;# 
   767  0417                     	;# 
   768  0418                     	;# 
   769  0418                     	;# 
   770  0419                     	;# 
   771  041A                     	;# 
   772  041A                     	;# 
   773  041B                     	;# 
   774  041C                     	;# 
   775  041C                     	;# 
   776  041D                     	;# 
   777  041E                     	;# 
   778  041F                     	;# 
   779  048C                     	;# 
   780  048C                     	;# 
   781  048D                     	;# 
   782  048E                     	;# 
   783  048F                     	;# 
   784  048F                     	;# 
   785  0490                     	;# 
   786  0491                     	;# 
   787  0492                     	;# 
   788  0492                     	;# 
   789  0493                     	;# 
   790  0494                     	;# 
   791  0495                     	;# 
   792  0495                     	;# 
   793  0496                     	;# 
   794  0497                     	;# 
   795  0498                     	;# 
   796  0499                     	;# 
   797  049A                     	;# 
   798  049B                     	;# 
   799  049C                     	;# 
   800  049D                     	;# 
   801  050C                     	;# 
   802  050C                     	;# 
   803  050D                     	;# 
   804  050E                     	;# 
   805  050F                     	;# 
   806  050F                     	;# 
   807  0510                     	;# 
   808  0511                     	;# 
   809  0512                     	;# 
   810  0512                     	;# 
   811  0513                     	;# 
   812  0514                     	;# 
   813  0515                     	;# 
   814  0515                     	;# 
   815  0516                     	;# 
   816  0517                     	;# 
   817  0518                     	;# 
   818  0519                     	;# 
   819  051A                     	;# 
   820  051B                     	;# 
   821  051C                     	;# 
   822  051D                     	;# 
   823  058C                     	;# 
   824  058C                     	;# 
   825  058D                     	;# 
   826  058E                     	;# 
   827  058F                     	;# 
   828  058F                     	;# 
   829  0590                     	;# 
   830  0591                     	;# 
   831  0592                     	;# 
   832  0593                     	;# 
   833  060C                     	;# 
   834  060D                     	;# 
   835  060E                     	;# 
   836  060F                     	;# 
   837  0610                     	;# 
   838  0611                     	;# 
   839  0612                     	;# 
   840  0613                     	;# 
   841  0614                     	;# 
   842  0616                     	;# 
   843  0617                     	;# 
   844  0618                     	;# 
   845  0619                     	;# 
   846  061A                     	;# 
   847  061B                     	;# 
   848  061C                     	;# 
   849  061D                     	;# 
   850  061E                     	;# 
   851  068C                     	;# 
   852  068D                     	;# 
   853  068E                     	;# 
   854  068F                     	;# 
   855  0690                     	;# 
   856  0691                     	;# 
   857  0692                     	;# 
   858  0693                     	;# 
   859  0694                     	;# 
   860  070C                     	;# 
   861  070D                     	;# 
   862  070E                     	;# 
   863  070F                     	;# 
   864  0710                     	;# 
   865  0711                     	;# 
   866  0712                     	;# 
   867  0713                     	;# 
   868  0714                     	;# 
   869  0716                     	;# 
   870  0717                     	;# 
   871  0718                     	;# 
   872  0719                     	;# 
   873  071A                     	;# 
   874  071B                     	;# 
   875  071C                     	;# 
   876  071D                     	;# 
   877  071E                     	;# 
   878  0796                     	;# 
   879  0797                     	;# 
   880  0798                     	;# 
   881  0799                     	;# 
   882  079A                     	;# 
   883  079B                     	;# 
   884  080C                     	;# 
   885  080D                     	;# 
   886  080E                     	;# 
   887  080F                     	;# 
   888  0810                     	;# 
   889  0811                     	;# 
   890  0812                     	;# 
   891  0813                     	;# 
   892  0814                     	;# 
   893  081A                     	;# 
   894  081B                     	;# 
   895  081C                     	;# 
   896  081D                     	;# 
   897  081E                     	;# 
   898  081F                     	;# 
   899  088C                     	;# 
   900  088D                     	;# 
   901  088E                     	;# 
   902  088F                     	;# 
   903  0890                     	;# 
   904  0891                     	;# 
   905  0892                     	;# 
   906  0893                     	;# 
   907  0895                     	;# 
   908  0896                     	;# 
   909  0897                     	;# 
   910  0898                     	;# 
   911  0899                     	;# 
   912  089A                     	;# 
   913  089B                     	;# 
   914  090C                     	;# 
   915  090E                     	;# 
   916  090F                     	;# 
   917  091F                     	;# 
   918  091F                     	;# 
   919  098F                     	;# 
   920  098F                     	;# 
   921  0990                     	;# 
   922  0991                     	;# 
   923  0992                     	;# 
   924  0993                     	;# 
   925  0994                     	;# 
   926  0995                     	;# 
   927  0996                     	;# 
   928  0997                     	;# 
   929  0E0F                     	;# 
   930  0E10                     	;# 
   931  0E11                     	;# 
   932  0E12                     	;# 
   933  0E13                     	;# 
   934  0E14                     	;# 
   935  0E15                     	;# 
   936  0E16                     	;# 
   937  0E17                     	;# 
   938  0E18                     	;# 
   939  0E19                     	;# 
   940  0E1A                     	;# 
   941  0E1B                     	;# 
   942  0E1C                     	;# 
   943  0E1D                     	;# 
   944  0E1E                     	;# 
   945  0E1F                     	;# 
   946  0E20                     	;# 
   947  0E21                     	;# 
   948  0E22                     	;# 
   949  0E23                     	;# 
   950  0E24                     	;# 
   951  0E25                     	;# 
   952  0E26                     	;# 
   953  0E27                     	;# 
   954  0E28                     	;# 
   955  0E29                     	;# 
   956  0E2A                     	;# 
   957  0E2B                     	;# 
   958  0E2C                     	;# 
   959  0E2D                     	;# 
   960  0E2E                     	;# 
   961  0E2F                     	;# 
   962  0E30                     	;# 
   963  0E31                     	;# 
   964  0E32                     	;# 
   965  0E33                     	;# 
   966  0E34                     	;# 
   967  0E35                     	;# 
   968  0E36                     	;# 
   969  0E37                     	;# 
   970  0E8F                     	;# 
   971  0E90                     	;# 
   972  0E91                     	;# 
   973  0E92                     	;# 
   974  0E93                     	;# 
   975  0E94                     	;# 
   976  0E95                     	;# 
   977  0E96                     	;# 
   978  0E97                     	;# 
   979  0E9C                     	;# 
   980  0E9D                     	;# 
   981  0E9E                     	;# 
   982  0EA1                     	;# 
   983  0EA2                     	;# 
   984  0EA3                     	;# 
   985  0EA4                     	;# 
   986  0EA5                     	;# 
   987  0EA9                     	;# 
   988  0EAA                     	;# 
   989  0EAB                     	;# 
   990  0EAC                     	;# 
   991  0EB1                     	;# 
   992  0EB2                     	;# 
   993  0EB3                     	;# 
   994  0EB8                     	;# 
   995  0EB9                     	;# 
   996  0EBA                     	;# 
   997  0EBB                     	;# 
   998  0EBC                     	;# 
   999  0EBD                     	;# 
  1000  0EBE                     	;# 
  1001  0EC3                     	;# 
  1002  0EC5                     	;# 
  1003  0EC6                     	;# 
  1004  0EC7                     	;# 
  1005  0EC8                     	;# 
  1006  0EC9                     	;# 
  1007  0ECA                     	;# 
  1008  0ECB                     	;# 
  1009  0ECC                     	;# 
  1010  0F10                     	;# 
  1011  0F11                     	;# 
  1012  0F12                     	;# 
  1013  0F13                     	;# 
  1014  0F14                     	;# 
  1015  0F15                     	;# 
  1016  0F16                     	;# 
  1017  0F17                     	;# 
  1018  0F18                     	;# 
  1019  0F19                     	;# 
  1020  0F1A                     	;# 
  1021  0F1B                     	;# 
  1022  0F1C                     	;# 
  1023  0F1D                     	;# 
  1024  0F1E                     	;# 
  1025  0F1F                     	;# 
  1026  0F20                     	;# 
  1027  0F21                     	;# 
  1028  0F22                     	;# 
  1029  0F23                     	;# 
  1030  0F24                     	;# 
  1031  0F25                     	;# 
  1032  0F26                     	;# 
  1033  0F27                     	;# 
  1034  0F38                     	;# 
  1035  0F39                     	;# 
  1036  0F3A                     	;# 
  1037  0F3B                     	;# 
  1038  0F3C                     	;# 
  1039  0F3D                     	;# 
  1040  0F3E                     	;# 
  1041  0F3F                     	;# 
  1042  0F40                     	;# 
  1043  0F41                     	;# 
  1044  0F43                     	;# 
  1045  0F44                     	;# 
  1046  0F45                     	;# 
  1047  0F46                     	;# 
  1048  0F47                     	;# 
  1049  0F48                     	;# 
  1050  0F49                     	;# 
  1051  0F4A                     	;# 
  1052  0F4B                     	;# 
  1053  0F4C                     	;# 
  1054  0F4E                     	;# 
  1055  0F4F                     	;# 
  1056  0F50                     	;# 
  1057  0F51                     	;# 
  1058  0F52                     	;# 
  1059  0F53                     	;# 
  1060  0F54                     	;# 
  1061  0F55                     	;# 
  1062  0F56                     	;# 
  1063  0F57                     	;# 
  1064  0F65                     	;# 
  1065  0F68                     	;# 
  1066  0F69                     	;# 
  1067  0F6A                     	;# 
  1068  0F6B                     	;# 
  1069  0FE4                     	;# 
  1070  0FE5                     	;# 
  1071  0FE6                     	;# 
  1072  0FE7                     	;# 
  1073  0FE8                     	;# 
  1074  0FE9                     	;# 
  1075  0FEA                     	;# 
  1076  0FEB                     	;# 
  1077  0FED                     	;# 
  1078  0FEE                     	;# 
  1079  0FEF                     	;# 
  1080  0016                     _LATAbits	set	22
  1081  0011                     _TRISA	set	17
  1082  0893                     _OSCFRQ	set	2195
  1083  088E                     _OSCCON2	set	2190
  1084  088D                     _OSCCON1	set	2189
  1085                           
  1086                           	psect	cinit
  1087  07FD                     start_initialization:	
  1088                           ; #config settings
  1089                           
  1090  07FD                     __initialization:
  1091  07FD                     end_of_initialization:	
  1092                           ;End of C runtime variable initialization code
  1093                           
  1094  07FD                     __end_of__initialization:
  1095  07FD  0020               	movlb	0
  1096  07FE  3187  2FE4         	ljmp	_main	;jump to C main() function
  1097                           
  1098                           	psect	cstackCOMMON
  1099  0070                     __pcstackCOMMON:
  1100  0070                     ?_main:
  1101  0070                     ??_main:	
  1102                           ; 1 bytes @ 0x0
  1103                           
  1104                           
  1105                           ; 1 bytes @ 0x0
  1106  0070                     	ds	2
  1107                           
  1108                           	psect	maintext
  1109  07E4                     __pmaintext:	
  1110 ;;
  1111 ;;Main: autosize = 0, tempsize = 2, incstack = 0, save=0
  1112 ;;
  1113 ;; *************** function _main *****************
  1114 ;; Defined at:
  1115 ;;		line 39 in file "main.c"
  1116 ;; Parameters:    Size  Location     Type
  1117 ;;		None
  1118 ;; Auto vars:     Size  Location     Type
  1119 ;;		None
  1120 ;; Return value:  Size  Location     Type
  1121 ;;                  1    wreg      void 
  1122 ;; Registers used:
  1123 ;;		wreg, status,2
  1124 ;; Tracked objects:
  1125 ;;		On entry : B1F/0
  1126 ;;		On exit  : 0/0
  1127 ;;		Unchanged: 0/0
  1128 ;; Data sizes:     COMMON   BANK0   BANK1   BANK2   BANK3   BANK4   BANK5   BANK6   BANK7   BANK8   BANK9  BANK10  BANK1
      +1  BANK12
  1129 ;;      Params:         0       0       0       0       0       0       0       0       0       0       0       0       
      +0       0
  1130 ;;      Locals:         0       0       0       0       0       0       0       0       0       0       0       0       
      +0       0
  1131 ;;      Temps:          2       0       0       0       0       0       0       0       0       0       0       0       
      +0       0
  1132 ;;      Totals:         2       0       0       0       0       0       0       0       0       0       0       0       
      +0       0
  1133 ;;Total ram usage:        2 bytes
  1134 ;; This function calls:
  1135 ;;		Nothing
  1136 ;; This function is called by:
  1137 ;;		Startup code after reset
  1138 ;; This function uses a non-reentrant model
  1139 ;;
  1140                           
  1141                           
  1142                           ;psect for function _main
  1143  07E4                     _main:
  1144  07E4                     l630:	
  1145                           ;incstack = 0
  1146                           ; Regs used in _main: [wreg+status,2]
  1147                           
  1148                           
  1149                           ;main.c: 42:     OSCCON1 = 0x62;
  1150  07E4  3062               	movlw	98
  1151  07E5  0031               	movlb	17	; select bank17
  1152  07E6  008D               	movwf	13	;volatile
  1153  07E7                     l632:
  1154                           
  1155                           ;main.c: 43:     OSCCON2 = 0x00;
  1156  07E7  018E               	clrf	14	;volatile
  1157  07E8                     l634:
  1158                           
  1159                           ;main.c: 44:     OSCFRQ = 0x02;
  1160  07E8  3002               	movlw	2
  1161  07E9  0093               	movwf	19	;volatile
  1162  07EA                     l636:
  1163                           
  1164                           ;main.c: 47:     TRISA = 0xF0;
  1165  07EA  30F0               	movlw	240
  1166  07EB  0020               	movlb	0	; select bank0
  1167  07EC  0091               	movwf	17	;volatile
  1168  07ED                     l638:
  1169                           
  1170                           ;main.c: 49:     _delay((unsigned long)((3000)*(1000000/4000.0)));
  1171  07ED  3004               	movlw	4
  1172  07EE  00F1               	movwf	??_main+1
  1173  07EF  30CF               	movlw	207
  1174  07F0  00F0               	movwf	??_main
  1175  07F1  3002               	movlw	2
  1176  07F2                     u17:
  1177  07F2  0B89               	decfsz	9,f
  1178  07F3  2FF2               	goto	u17
  1179  07F4  0BF0               	decfsz	??_main,f
  1180  07F5  2FF2               	goto	u17
  1181  07F6  0BF1               	decfsz	??_main+1,f
  1182  07F7  2FF2               	goto	u17
  1183  07F8                     l640:
  1184                           
  1185                           ;main.c: 50:     LATAbits.LATA0 = 1;
  1186  07F8  0020               	movlb	0	; select bank0
  1187  07F9  1416               	bsf	22,0	;volatile
  1188  07FA                     l17:	
  1189                           ;main.c: 52:     while(1);
  1190                           
  1191  07FA                     l18:
  1192  07FA  2FFA               	goto	l17
  1193  07FB  3180  2802         	ljmp	start
  1194  07FD                     __end_of_main:
  1195  007E                     btemp	set	126	;btemp
  1196  007E                     wtemp0	set	126
  1197                           
  1198                           	psect	config
  1199                           
  1200                           ;Config register CONFIG1 @ 0x8007
  1201                           ;	External Oscillator mode selection bits
  1202                           ;	FEXTOSC = OFF, Oscillator not enabled
  1203                           ;	Power-up default value for COSC bits
  1204                           ;	RSTOSC = HFINT1, HFINTOSC (1MHz)
  1205                           ;	Clock Out Enable bit
  1206                           ;	CLKOUTEN = OFF, CLKOUT function is disabled; i/o or oscillator function on OSC2
  1207                           ;	Clock Switch Enable bit
  1208                           ;	CSWEN = ON, Writing to NOSC and NDIV is allowed
  1209                           ;	Fail-Safe Clock Monitor Enable bit
  1210                           ;	FCMEN = ON, FSCM timer enabled
  1211  8007                     	org	32775
  1212  8007  3FEC               	dw	16364
  1213                           
  1214                           ;Config register CONFIG2 @ 0x8008
  1215                           ;	Master Clear Enable bit
  1216                           ;	MCLRE = ON, MCLR pin is Master Clear function
  1217                           ;	Power-up Timer Enable bit
  1218                           ;	PWRTE = OFF, PWRT disabled
  1219                           ;	Low-Power BOR enable bit
  1220                           ;	LPBOREN = OFF, ULPBOR disabled
  1221                           ;	Brown-out reset enable bits
  1222                           ;	BOREN = ON, Brown-out Reset Enabled, SBOREN bit is ignored
  1223                           ;	Brown-out Reset Voltage Selection
  1224                           ;	BORV = LO, Brown-out Reset Voltage (VBOR) set to 1.9V on LF, and 2.45V on F Devices
  1225                           ;	Zero-cross detect disable
  1226                           ;	ZCD = OFF, Zero-cross detect circuit is disabled at POR.
  1227                           ;	Peripheral Pin Select one-way control
  1228                           ;	PPS1WAY = ON, The PPSLOCK bit can be cleared and set only once in software
  1229                           ;	Stack Overflow/Underflow Reset Enable bit
  1230                           ;	STVREN = ON, Stack Overflow or Underflow will cause a reset
  1231                           ;	Background Debugger
  1232                           ;	DEBUG = 0x1, unprogrammed default
  1233  8008                     	org	32776
  1234  8008  3FFF               	dw	16383
  1235                           
  1236                           ;Config register CONFIG3 @ 0x8009
  1237                           ;	WDT Period Select bits
  1238                           ;	WDTCPS = WDTCPS_31, Divider ratio 1:65536; software control of WDTPS
  1239                           ;	WDT operating mode
  1240                           ;	WDTE = ON, WDT enabled regardless of sleep; SWDTEN ignored
  1241                           ;	WDT Window Select bits
  1242                           ;	WDTCWS = WDTCWS_7, window always open (100%); software control; keyed access not requi
      +                          red
  1243                           ;	WDT input clock selector
  1244                           ;	WDTCCS = SC, Software Control
  1245  8009                     	org	32777
  1246  8009  3FFF               	dw	16383
  1247                           
  1248                           ;Config register CONFIG4 @ 0x800A
  1249                           ;	UserNVM self-write protection bits
  1250                           ;	WRT = OFF, Write protection off
  1251                           ;	Scanner Enable bit
  1252                           ;	SCANE = available, Scanner module is available for use
  1253                           ;	Low Voltage Programming Enable bit
  1254                           ;	LVP = ON, Low Voltage programming enabled. MCLR/Vpp pin function is MCLR.
  1255  800A                     	org	32778
  1256  800A  3FFF               	dw	16383
  1257                           
  1258                           ;Config register CONFIG5 @ 0x800B
  1259                           ;	UserNVM Program memory code protection bit
  1260                           ;	CP = OFF, Program Memory code protection disabled
  1261                           ;	DataNVM code protection bit
  1262                           ;	CPD = OFF, Data EEPROM code protection disabled
  1263  800B                     	org	32779
  1264  800B  3FFF               	dw	16383

Data Sizes:
    Strings     0
    Constant    0
    Data        0
    BSS         0
    Persistent  32
    Stack       0

Auto Spaces:
    Space          Size  Autos    Used
    COMMON           14      2       2
    BANK0            80      0       0
    BANK1            80      0       0
    BANK2            80      0       0
    BANK3            80      0       0
    BANK4            80      0       0
    BANK5            80      0       0
    BANK6            80      0       0
    BANK7            80      0       0
    BANK8            80      0       0
    BANK9            80      0       0
    BANK10           80      0       0
    BANK11           80      0       0
    BANK12           48      0       0

Pointer List with Targets:

    None.

Critical Paths under _main in COMMON

    None.

Critical Paths under _main in BANK0

    None.

Critical Paths under _main in BANK1

    None.

Critical Paths under _main in BANK2

    None.

Critical Paths under _main in BANK3

    None.

Critical Paths under _main in BANK4

    None.

Critical Paths under _main in BANK5

    None.

Critical Paths under _main in BANK6

    None.

Critical Paths under _main in BANK7

    None.

Critical Paths under _main in BANK8

    None.

Critical Paths under _main in BANK9

    None.

Critical Paths under _main in BANK10

    None.

Critical Paths under _main in BANK11

    None.

Critical Paths under _main in BANK12

    None.

Call Graph Tables:

 ---------------------------------------------------------------------------------
 (Depth) Function   	        Calls       Base Space   Used Autos Params    Refs
 ---------------------------------------------------------------------------------
 (0) _main                                                 2     2      0       0
                                              0 COMMON     2     2      0
 ---------------------------------------------------------------------------------
 Estimated maximum stack depth 0
 ---------------------------------------------------------------------------------

 Call Graph Graphs:

 _main (ROOT)

 Address spaces:
Name               Size   Autos  Total    Cost      Usage
BIGRAM             3F0      0       0       0        0.0%
EEDATA             100      0       0       0        0.0%
NULL                 0      0       0       0        0.0%
CODE                 0      0       0       0        0.0%
BITCOMMON            E      0       0       1        0.0%
BITSFR0              0      0       0       1        0.0%
SFR0                 0      0       0       1        0.0%
COMMON               E      2       2       2       14.3%
BITSFR1              0      0       0       2        0.0%
SFR1                 0      0       0       2        0.0%
BITSFR2              0      0       0       3        0.0%
SFR2                 0      0       0       3        0.0%
STACK                0      0       0       3        0.0%
BITBANK0            50      0       0       4        0.0%
BITSFR3              0      0       0       4        0.0%
SFR3                 0      0       0       4        0.0%
BANK0               50      0       0       5        0.0%
BITSFR4              0      0       0       5        0.0%
SFR4                 0      0       0       5        0.0%
BITBANK1            50      0       0       6        0.0%
BITSFR5              0      0       0       6        0.0%
SFR5                 0      0       0       6        0.0%
BANK1               50      0       0       7        0.0%
BITSFR6              0      0       0       7        0.0%
SFR6                 0      0       0       7        0.0%
BITBANK2            50      0       0       8        0.0%
BITSFR7              0      0       0       8        0.0%
SFR7                 0      0       0       8        0.0%
BANK2               50      0       0       9        0.0%
BITSFR8              0      0       0       9        0.0%
SFR8                 0      0       0       9        0.0%
BITBANK3            50      0       0      10        0.0%
BITSFR9              0      0       0      10        0.0%
SFR9                 0      0       0      10        0.0%
BANK3               50      0       0      11        0.0%
BITSFR10             0      0       0      11        0.0%
SFR10                0      0       0      11        0.0%
BITBANK4            50      0       0      12        0.0%
BITSFR11             0      0       0      12        0.0%
SFR11                0      0       0      12        0.0%
BANK4               50      0       0      13        0.0%
BITSFR12             0      0       0      13        0.0%
SFR12                0      0       0      13        0.0%
BITBANK5            50      0       0      14        0.0%
BITSFR13             0      0       0      14        0.0%
SFR13                0      0       0      14        0.0%
BANK5               50      0       0      15        0.0%
BITSFR14             0      0       0      15        0.0%
SFR14                0      0       0      15        0.0%
BITBANK6            50      0       0      16        0.0%
BITSFR15             0      0       0      16        0.0%
SFR15                0      0       0      16        0.0%
BANK6               50      0       0      17        0.0%
BITSFR16             0      0       0      17        0.0%
SFR16                0      0       0      17        0.0%
BITBANK7            50      0       0      18        0.0%
BITSFR17             0      0       0      18        0.0%
SFR17                0      0       0      18        0.0%
BANK7               50      0       0      19        0.0%
BITSFR18             0      0       0      19        0.0%
SFR18                0      0       0      19        0.0%
BITSFR19             0      0       0      20        0.0%
SFR19                0      0       0      20        0.0%
ABS                  0      0       0      20        0.0%
BITBANK8            50      0       0      21        0.0%
BITSFR20             0      0       0      21        0.0%
SFR20                0      0       0      21        0.0%
BANK8               50      0       0      22        0.0%
BITSFR21             0      0       0      22        0.0%
SFR21                0      0       0      22        0.0%
BITBANK9            50      0       0      23        0.0%
BITSFR22             0      0       0      23        0.0%
SFR22                0      0       0      23        0.0%
BANK9               50      0       0      24        0.0%
BITSFR23             0      0       0      24        0.0%
SFR23                0      0       0      24        0.0%
BITBANK10           50      0       0      25        0.0%
BITSFR24             0      0       0      25        0.0%
SFR24                0      0       0      25        0.0%
BANK10              50      0       0      26        0.0%
BITSFR25             0      0       0      26        0.0%
SFR25                0      0       0      26        0.0%
BITBANK11           50      0       0      27        0.0%
BITSFR26             0      0       0      27        0.0%
SFR26                0      0       0      27        0.0%
BANK11              50      0       0      28        0.0%
BITSFR27             0      0       0      28        0.0%
SFR27                0      0       0      28        0.0%
BITBANK12           30      0       0      29        0.0%
BITSFR28             0      0       0      29        0.0%
SFR28                0      0       0      29        0.0%
BANK12              30      0       0      30        0.0%
BITSFR29             0      0       0      30        0.0%
SFR29                0      0       0      30        0.0%
BITSFR30             0      0       0      31        0.0%
SFR30                0      0       0      31        0.0%
DATA                 0      0       0      31        0.0%
BITSFR31             0      0       0      32        0.0%
SFR31                0      0       0      32        0.0%


Microchip Technology PIC Macro Assembler V2.20 build 20200408173844 
Symbol Table                                                                                   Sun Mar  7 12:41:28 2021

                     l17 07FA                       l18 07FA                       u17 07F2  
                    l630 07E4                      l640 07F8                      l632 07E7  
                    l634 07E8                      l636 07EA                      l638 07ED  
                    wreg 0009                     _main 07E4                     btemp 007E  
                   start 0002                    ?_main 0070                    _TRISA 0011  
                  wtemp0 007E          __initialization 07FD             __end_of_main 07FD  
                 ??_main 0070                   _OSCFRQ 0893  __end_of__initialization 07FD  
         __pcstackCOMMON 0070               __pmaintext 07E4                  _OSCCON1 088D  
                _OSCCON2 088E     end_of_initialization 07FD      start_initialization 07FD  
              ___latbits 0002                 _LATAbits 0016            __size_of_main 0019  
